<?xml version="1.0" encoding="UTF-8"?>
<testsuite name="traductor de google" tests="8" skipped="1" failures="0" errors="0" timestamp="2021-07-15T02:01:54" hostname="MacBook-Air-de-Andres.local" time="58.019">
  <properties/>
  <testcase name="traducir de ingles a español escenario exitoso" classname="traductor de google" time="15.068">
    <skipped/>
  </testcase>
  <testcase name="traducir de español a ingles escenario exitoso" classname="traductor de google" time="12.905"/>
  <testcase name="traducir de español al frances escenario exitoso" classname="traductor de google" time="10.754"/>
  <testcase name="traducir de español al español escenario alterno" classname="traductor de google" time="9.892"/>
  <testcase name="traducir de ingles al ingles escenario alterno" classname="traductor de google" time="8.991"/>
  <testcase name="traducir de espaniol a portugues escenario alterno" classname="traductor de google" time="0.112"/>
  <testcase name="traducir de espaniol a noruego escenario alterno" classname="traductor de google" time="0.114"/>
  <testcase name="traducir del portugues al ingles  escenario alterno" classname="traductor de google" time="0.09"/>
  <system-out><![CDATA[]]></system-out>
  <system-err><![CDATA[jul 14, 2021 9:01:54 PM org.openqa.selenium.remote.DesiredCapabilities chrome
INFORMACI?N: Using `new ChromeOptions()` is preferred to `DesiredCapabilities.chrome()`
Starting ChromeDriver 91.0.4472.19 (1bf021f248676a0b2ab3ee0561d83a59e424c23e-refs/branch-heads/4472@{#288}) on port 1838
Only local connections are allowed.
Please see https://chromedriver.chromium.org/security-considerations for suggestions on keeping ChromeDriver safe.
ChromeDriver was started successfully.
jul 14, 2021 9:02:01 PM org.openqa.selenium.remote.ProtocolHandshake createSession
INFORMACI?N: Detected dialect: W3C
[Test worker] INFO net.serenitybdd.core.Serenity - TEST PENDING
[Test worker] INFO net.serenitybdd.core.Serenity - 
          __  _____ _____ ____ _____   ____  _____ _   _ ____ ___ _   _  ____ 
 _       / / |_   _| ____/ ___|_   _| |  _ \| ____| \ | |  _ \_ _| \ | |/ ___|
(_)____ / /    | | |  _| \___ \ | |   | |_) |  _| |  \| | | | | ||  \| | |  _ 
 |_____/ /     | | | |___ ___) || |   |  __/| |___| |\  | |_| | || |\  | |_| |
(_)   /_/      |_| |_____|____/ |_|   |_|   |_____|_| \_|____/___|_| \_|\____|
                                                                                

TEST PENDING: traducir de ingles a espa?ol escenario exitoso
---------------------------------------------------------------------------------
jul 14, 2021 9:02:09 PM org.openqa.selenium.remote.DesiredCapabilities chrome
INFORMACI?N: Using `new ChromeOptions()` is preferred to `DesiredCapabilities.chrome()`
jul 14, 2021 9:02:12 PM org.openqa.selenium.remote.ProtocolHandshake createSession
INFORMACI?N: Detected dialect: W3C
[Test worker] INFO net.serenitybdd.core.Serenity - 
        __    _____ _____ ____ _____   ____   _    ____  ____  _____ ____  
  _     \ \  |_   _| ____/ ___|_   _| |  _ \ / \  / ___|/ ___|| ____|  _ \ 
 (_)_____| |   | | |  _| \___ \ | |   | |_) / _ \ \___ \\___ \|  _| | | | |
  _|_____| |   | | | |___ ___) || |   |  __/ ___ \ ___) |___) | |___| |_| |
 (_)     | |   |_| |_____|____/ |_|   |_| /_/   \_\____/|____/|_____|____/ 
        /_/                                                                

TEST PASSED: traducir de espa?ol a ingles escenario exitoso
----------------------------------------------------------------------------
jul 14, 2021 9:02:22 PM org.openqa.selenium.remote.DesiredCapabilities chrome
INFORMACI?N: Using `new ChromeOptions()` is preferred to `DesiredCapabilities.chrome()`
jul 14, 2021 9:02:24 PM org.openqa.selenium.remote.ProtocolHandshake createSession
INFORMACI?N: Detected dialect: W3C
[Test worker] INFO net.serenitybdd.core.Serenity - 
        __    _____ _____ ____ _____   ____   _    ____  ____  _____ ____  
  _     \ \  |_   _| ____/ ___|_   _| |  _ \ / \  / ___|/ ___|| ____|  _ \ 
 (_)_____| |   | | |  _| \___ \ | |   | |_) / _ \ \___ \\___ \|  _| | | | |
  _|_____| |   | | | |___ ___) || |   |  __/ ___ \ ___) |___) | |___| |_| |
 (_)     | |   |_| |_____|____/ |_|   |_| /_/   \_\____/|____/|_____|____/ 
        /_/                                                                

TEST PASSED: traducir de espa?ol al frances escenario exitoso
----------------------------------------------------------------------------
jul 14, 2021 9:02:33 PM org.openqa.selenium.remote.DesiredCapabilities chrome
INFORMACI?N: Using `new ChromeOptions()` is preferred to `DesiredCapabilities.chrome()`
jul 14, 2021 9:02:35 PM org.openqa.selenium.remote.ProtocolHandshake createSession
INFORMACI?N: Detected dialect: W3C
[Test worker] INFO net.serenitybdd.core.Serenity - 
        __    _____ _____ ____ _____   ____   _    ____  ____  _____ ____  
  _     \ \  |_   _| ____/ ___|_   _| |  _ \ / \  / ___|/ ___|| ____|  _ \ 
 (_)_____| |   | | |  _| \___ \ | |   | |_) / _ \ \___ \\___ \|  _| | | | |
  _|_____| |   | | | |___ ___) || |   |  __/ ___ \ ___) |___) | |___| |_| |
 (_)     | |   |_| |_____|____/ |_|   |_| /_/   \_\____/|____/|_____|____/ 
        /_/                                                                

TEST PASSED: traducir de espa?ol al espa?ol escenario alterno
----------------------------------------------------------------------------
jul 14, 2021 9:02:43 PM org.openqa.selenium.remote.DesiredCapabilities chrome
INFORMACI?N: Using `new ChromeOptions()` is preferred to `DesiredCapabilities.chrome()`
jul 14, 2021 9:02:45 PM org.openqa.selenium.remote.ProtocolHandshake createSession
INFORMACI?N: Detected dialect: W3C
[Test worker] INFO net.serenitybdd.core.Serenity - 
        __    _____ _____ ____ _____   ____   _    ____  ____  _____ ____  
  _     \ \  |_   _| ____/ ___|_   _| |  _ \ / \  / ___|/ ___|| ____|  _ \ 
 (_)_____| |   | | |  _| \___ \ | |   | |_) / _ \ \___ \\___ \|  _| | | | |
  _|_____| |   | | | |___ ___) || |   |  __/ ___ \ ___) |___) | |___| |_| |
 (_)     | |   |_| |_____|____/ |_|   |_| /_/   \_\____/|____/|_____|____/ 
        /_/                                                                

TEST PASSED: traducir de ingles al ingles escenario alterno
----------------------------------------------------------------------------
[Test worker] INFO net.serenitybdd.core.Serenity - TEST MANUAL
[Test worker] INFO net.serenitybdd.core.Serenity - TEST MANUAL
[Test worker] INFO net.serenitybdd.core.Serenity - TEST MANUAL
[Test worker] INFO net.serenitybdd.core.Serenity - 
          __  _____ _____ ____ _____   ____  _____ _   _ ____ ___ _   _  ____ 
 _       / / |_   _| ____/ ___|_   _| |  _ \| ____| \ | |  _ \_ _| \ | |/ ___|
(_)____ / /    | | |  _| \___ \ | |   | |_) |  _| |  \| | | | | ||  \| | |  _ 
 |_____/ /     | | | |___ ___) || |   |  __/| |___| |\  | |_| | || |\  | |_| |
(_)   /_/      |_| |_____|____/ |_|   |_|   |_____|_| \_|____/___|_| \_|\____|
                                                                                

TEST PENDING: traducir de espaniol a portugues escenario alterno
---------------------------------------------------------------------------------
[Test worker] INFO net.serenitybdd.core.Serenity - TEST MANUAL
[Test worker] INFO net.serenitybdd.core.Serenity - TEST MANUAL
[Test worker] INFO net.serenitybdd.core.Serenity - TEST MANUAL
[Test worker] INFO net.serenitybdd.core.Serenity - 
          __  _____ _____ ____ _____   ____  _____ _   _ ____ ___ _   _  ____ 
 _       / / |_   _| ____/ ___|_   _| |  _ \| ____| \ | |  _ \_ _| \ | |/ ___|
(_)____ / /    | | |  _| \___ \ | |   | |_) |  _| |  \| | | | | ||  \| | |  _ 
 |_____/ /     | | | |___ ___) || |   |  __/| |___| |\  | |_| | || |\  | |_| |
(_)   /_/      |_| |_____|____/ |_|   |_|   |_____|_| \_|____/___|_| \_|\____|
                                                                                

TEST PENDING: traducir de espaniol a noruego escenario alterno
---------------------------------------------------------------------------------
[Test worker] INFO net.serenitybdd.core.Serenity - TEST MANUAL
[Test worker] INFO net.serenitybdd.core.Serenity - TEST MANUAL
[Test worker] INFO net.serenitybdd.core.Serenity - TEST MANUAL
[Test worker] INFO net.serenitybdd.core.Serenity - 
          __  _____ _____ ____ _____   ____  _____ _   _ ____ ___ _   _  ____ 
 _       / / |_   _| ____/ ___|_   _| |  _ \| ____| \ | |  _ \_ _| \ | |/ ___|
(_)____ / /    | | |  _| \___ \ | |   | |_) |  _| |  \| | | | | ||  \| | |  _ 
 |_____/ /     | | | |___ ___) || |   |  __/| |___| |\  | |_| | || |\  | |_| |
(_)   /_/      |_| |_____|____/ |_|   |_|   |_____|_| \_|____/___|_| \_|\____|
                                                                                

TEST PENDING: traducir del portugues al ingles  escenario alterno
---------------------------------------------------------------------------------
]]></system-err>
</testsuite>
